2024-05-19 17:34:25   检测到文件已经存在，将不创建文件。
2024-05-19 17:34:25   检测到目录已经存在，将不创建目录。
2024-05-19 17:29:50   正在执行 FileLock.exe...
2024-05-19 17:29:50   检测到 FileLock.exe 文件已经存在。
2024-05-19 17:29:50   检测到目录已经存在，将不创建目录。
2024-05-19 17:26:53   正在执行 DGLite_x86.exe...
2024-05-19 17:26:53   检测到 DGLite_x86.exe 文件已经存在。
2024-05-19 17:26:53   检测到目录已经存在，将不创建目录。
2024-05-19 17:26:47   正在执行 CPUKiller3.exe...
2024-05-19 17:26:47   检测到 CPUKiller3.exe 文件已经存在。
2024-05-19 17:26:47   检测到目录已经存在，将不创建目录。
2024-05-19 17:26:41   正在执行 FileLock.exe...
2024-05-19 17:26:41   检测到 FileLock.exe 文件已经存在。
2024-05-19 17:26:41   检测到目录已经存在，将不创建目录。
2024-05-19 15:43:46   正在执行 FileLock.exe...
2024-05-19 15:43:46   检测到 FileLock.exe 文件已经存在。
2024-05-19 15:43:46   检测到目录已经存在，将不创建目录。
2024-05-04 12:59:06   检测到 DGLite_x86.exe 文件已经存在。
2024-05-04 12:59:06   检测到目录已经存在，将不创建目录。
2024-05-03 23:04:03   检测到 CPUKiller3.exe 文件已经存在。
2024-05-03 23:04:03   检测到目录已经存在，将不创建目录。
2024-05-03 22:58:13   找不到 DGLite_x86.exe！
2024-05-03 22:58:13   检测到目录已经存在，将不创建目录。
2024-05-03 22:57:56   检测到 CPUKiller3.exe 文件已经存在。
2024-05-03 22:57:56   检测到目录已经存在，将不创建目录。
2024-05-03 22:57:53   检测到 DGLite_x86.exe 文件已经存在。
2024-05-03 22:57:53   检测到目录已经存在，将不创建目录。
2024-05-03 22:54:03   检测到文件已经存在，将不创建文件。
2024-05-03 22:54:03   检测到目录已经存在，将不创建目录。
2024-05-03 22:54:00   检测到文件已经存在，将不创建文件。
2024-05-03 22:54:00   检测到目录已经存在，将不创建目录。
2024-04-23 12:45:14   检测到文件已经存在，将不创建文件。
2024-04-23 12:45:14   检测到目录已经存在，将不创建目录。
2024-04-23 12:45:06   写入文件成功！
2024-04-23 12:45:06   检测到目录已经存在，将不创建目录。
2024-04-22 21:01:46   检测到文件已经存在，将不创建文件。
2024-04-22 21:01:46   检测到目录已经存在，将不创建目录。
2024-04-22 21:01:32   写入文件成功！
2024-04-22 21:01:32   创建目录成功！
