2024-06-26 19:35:02   正在执行 rufus-4.5_x86.exe...
2024-06-26 19:35:02   检测到 rufus-4.5_x86.exe 文件已经存在。
2024-06-26 19:35:02   检测到目录已经存在，将不创建目录。
2024-06-26 19:13:36   正在执行 ScreenTest.exe...
2024-06-26 19:13:36   检测到 ScreenTest.exe 文件已经存在。
2024-06-26 19:13:36   检测到目录已经存在，将不创建目录。
2024-06-26 19:10:38   正在执行 ScreenTest.exe...
2024-06-26 19:10:38   检测到 ScreenTest.exe 文件已经存在。
2024-06-26 19:10:38   检测到目录已经存在，将不创建目录。
2024-06-26 18:44:22   正在执行 memtest.exe...
2024-06-26 18:44:22   检测到 memtest.exe 文件已经存在。
2024-06-26 18:44:22   检测到目录已经存在，将不创建目录。
2024-06-26 18:43:30   正在执行 memtest.exe...
2024-06-26 18:43:30   检测到 memtest.exe 文件已经存在。
2024-06-26 18:43:30   检测到目录已经存在，将不创建目录。
2024-06-26 18:39:07   正在执行 FileLock.exe...
2024-06-26 18:39:07   检测到 FileLock.exe 文件已经存在。
2024-06-26 18:39:07   检测到目录已经存在，将不创建目录。
2024-06-21 17:03:23   正在执行 FileLock.exe...
2024-06-21 17:03:23   检测到 FileLock.exe 文件已经存在。
2024-06-21 17:03:23   检测到目录已经存在，将不创建目录。
2024-06-21 17:03:15   正在执行 CPUKiller3.exe...
2024-06-21 17:03:15   检测到 CPUKiller3.exe 文件已经存在。
2024-06-21 17:03:15   检测到目录已经存在，将不创建目录。
2024-06-21 17:03:10   正在执行 DGLite_x86.exe...
2024-06-21 17:03:10   检测到 DGLite_x86.exe 文件已经存在。
2024-06-21 17:03:10   检测到目录已经存在，将不创建目录。
2024-06-21 16:59:08   正在执行 DGLite_x86.exe...
2024-06-21 16:59:08   检测到 DGLite_x86.exe 文件已经存在。
2024-06-21 16:59:08   检测到目录已经存在，将不创建目录。
2024-05-19 17:18:44   正在执行 FileLock.exe...
2024-05-19 17:18:44   检测到 FileLock.exe 文件已经存在。
2024-05-19 17:18:44   检测到目录已经存在，将不创建目录。
2024-05-19 17:18:37   正在执行 CPUKiller3.exe...
2024-05-19 17:18:37   检测到 CPUKiller3.exe 文件已经存在。
2024-05-19 17:18:37   检测到目录已经存在，将不创建目录。
2024-05-19 17:18:35   正在执行 DGLite_x86.exe...
2024-05-19 17:18:35   检测到 DGLite_x86.exe 文件已经存在。
2024-05-19 17:18:35   检测到目录已经存在，将不创建目录。
2024-05-19 15:43:46   正在执行 FileLock.exe...
2024-05-19 15:43:46   检测到 FileLock.exe 文件已经存在。
2024-05-19 15:43:46   检测到目录已经存在，将不创建目录。
2024-05-04 12:59:06   检测到 DGLite_x86.exe 文件已经存在。
2024-05-04 12:59:06   检测到目录已经存在，将不创建目录。
2024-05-03 23:04:03   检测到 CPUKiller3.exe 文件已经存在。
2024-05-03 23:04:03   检测到目录已经存在，将不创建目录。
2024-05-03 22:58:13   找不到 DGLite_x86.exe！
2024-05-03 22:58:13   检测到目录已经存在，将不创建目录。
2024-05-03 22:57:56   检测到 CPUKiller3.exe 文件已经存在。
2024-05-03 22:57:56   检测到目录已经存在，将不创建目录。
2024-05-03 22:57:53   检测到 DGLite_x86.exe 文件已经存在。
2024-05-03 22:57:53   检测到目录已经存在，将不创建目录。
2024-05-03 22:54:03   检测到文件已经存在，将不创建文件。
2024-05-03 22:54:03   检测到目录已经存在，将不创建目录。
2024-05-03 22:54:00   检测到文件已经存在，将不创建文件。
2024-05-03 22:54:00   检测到目录已经存在，将不创建目录。
2024-04-23 12:45:14   检测到文件已经存在，将不创建文件。
2024-04-23 12:45:14   检测到目录已经存在，将不创建目录。
2024-04-23 12:45:06   写入文件成功！
2024-04-23 12:45:06   检测到目录已经存在，将不创建目录。
2024-04-22 21:01:46   检测到文件已经存在，将不创建文件。
2024-04-22 21:01:46   检测到目录已经存在，将不创建目录。
2024-04-22 21:01:32   写入文件成功！
2024-04-22 21:01:32   创建目录成功！
